_321Media32/build/outputs/logs/manifest-merger-debug-report.txt
-- Merging decision tree log ---
manifest
ADDED from AndroidManifest.xml:2:1
	xmlns:android
		ADDED from AndroidManifest.xml:3:5
	package
		ADDED from AndroidManifest.xml:4:5
		INJECTED from AndroidManifest.xml:0:0
		INJECTED from AndroidManifest.xml:0:0
	android:versionName
		ADDED from AndroidManifest.xml:7:5
	android:versionCode
		ADDED from AndroidManifest.xml:6:5
		INJECTED from AndroidManifest.xml:0:0
		INJECTED from AndroidManifest.xml:0:0
	android:installLocation
		ADDED from AndroidManifest.xml:5:5
uses-permission#android.permission.WAKE_LOCK
ADDED from AndroidManifest.xml:8:5
MERGED from 321Media3.21:initActivity:unspecified:7:5
	android:name
		ADDED from AndroidManifest.xml:8:22
uses-permission#android.permission.INTERNET
ADDED from AndroidManifest.xml:9:2
MERGED from 321Media3.21:initActivity:unspecified:8:5
	android:name
		ADDED from AndroidManifest.xml:9:19
uses-permission#android.permission.MOUNT_UNMOUNT_FILESYSTEMS
ADDED from AndroidManifest.xml:10:5
	android:name
		ADDED from AndroidManifest.xml:10:22
uses-permission#android.permission.WRITE_EXTERNAL_STORAGE
ADDED from AndroidManifest.xml:11:5
	android:name
		ADDED from AndroidManifest.xml:11:22
uses-permission#android.permission.ACCESS_NETWORK_STATE
ADDED from AndroidManifest.xml:12:5
MERGED from 321Media3.21:initActivity:unspecified:9:5
	android:name
		ADDED from AndroidManifest.xml:12:22
uses-permission#android.permission.ACCESS_WIFI_STATE
ADDED from AndroidManifest.xml:14:2
	android:name
		ADDED from AndroidManifest.xml:14:19
uses-permission#android.permission.READ_PHONE_STATE
ADDED from AndroidManifest.xml:15:2
	android:name
		ADDED from AndroidManifest.xml:15:19
uses-permission#android.permission.GET_TASKS
ADDED from AndroidManifest.xml:17:2
	android:name
		ADDED from AndroidManifest.xml:17:19
uses-sdk
ADDED from AndroidManifest.xml:19:5
	android:targetSdkVersion
		ADDED from AndroidManifest.xml:21:9
		INJECTED from AndroidManifest.xml:0:0
		INJECTED from AndroidManifest.xml:0:0
	android:minSdkVersion
		ADDED from AndroidManifest.xml:20:9
		INJECTED from AndroidManifest.xml:0:0
		INJECTED from AndroidManifest.xml:0:0
application
ADDED from AndroidManifest.xml:23:5
MERGED from 321Media3.21:initActivity:unspecified:11:5
	android:label
		ADDED from AndroidManifest.xml:26:9
	android:icon
		ADDED from AndroidManifest.xml:25:9
	android:theme
		ADDED from AndroidManifest.xml:24:9
activity#cn.hi321.android.media.ui.HomeTabHostAcitivity
ADDED from AndroidManifest.xml:29:10
	android:screenOrientation
		ADDED from AndroidManifest.xml:31:14
	android:label
		ADDED from AndroidManifest.xml:29:20
	android:name
		ADDED from AndroidManifest.xml:30:14
intent-filter#android.intent.action.MAIN+android.intent.category.LAUNCHER
ADDED from AndroidManifest.xml:33:13
action#android.intent.action.MAIN
ADDED from AndroidManifest.xml:34:17
	android:name
		ADDED from AndroidManifest.xml:34:25
category#android.intent.category.LAUNCHER
ADDED from AndroidManifest.xml:35:17
	android:name
		ADDED from AndroidManifest.xml:35:27
activity#cn.hi321.android.media.ui.MainActivity
ADDED from AndroidManifest.xml:38:6
	android:screenOrientation
		ADDED from AndroidManifest.xml:40:10
	android:name
		ADDED from AndroidManifest.xml:39:10
activity#cn.hi321.android.media.ui.ChannelActivity
ADDED from AndroidManifest.xml:42:6
	android:screenOrientation
		ADDED from AndroidManifest.xml:44:10
	android:name
		ADDED from AndroidManifest.xml:43:10
activity#cn.hi321.android.media.ui.VideoListActivity
ADDED from AndroidManifest.xml:46:9
	android:screenOrientation
		ADDED from AndroidManifest.xml:46:78
	android:name
		ADDED from AndroidManifest.xml:46:19
activity#cn.hi321.android.media.ui.LocalVideoActivity
ADDED from AndroidManifest.xml:47:9
	android:screenOrientation
		ADDED from AndroidManifest.xml:47:79
	android:name
		ADDED from AndroidManifest.xml:47:19
activity#cn.hi321.android.media.ui.AboutMeActivity
ADDED from AndroidManifest.xml:48:9
	android:screenOrientation
		ADDED from AndroidManifest.xml:48:77
	android:name
		ADDED from AndroidManifest.xml:48:19
activity#cn.hi321.android.media.ui.MediaShowActivity
ADDED from AndroidManifest.xml:49:9
	android:screenOrientation
		ADDED from AndroidManifest.xml:49:78
	android:name
		ADDED from AndroidManifest.xml:49:19
activity#cn.hi321.android.media.ui.MediaSearchActivity
ADDED from AndroidManifest.xml:50:9
	android:screenOrientation
		ADDED from AndroidManifest.xml:50:80
	android:name
		ADDED from AndroidManifest.xml:50:19
activity#cn.hi321.android.media.ui.ChannelListActivity
ADDED from AndroidManifest.xml:51:9
	android:screenOrientation
		ADDED from AndroidManifest.xml:51:80
	android:name
		ADDED from AndroidManifest.xml:51:19
activity#cn.hi321.android.media.ui.SearchActivity
ADDED from AndroidManifest.xml:52:9
	android:screenOrientation
		ADDED from AndroidManifest.xml:52:75
	android:name
		ADDED from AndroidManifest.xml:52:19
activity#cn.hi321.android.media.ui.MediaActivity
ADDED from AndroidManifest.xml:53:9
	android:screenOrientation
		ADDED from AndroidManifest.xml:53:74
	android:name
		ADDED from AndroidManifest.xml:53:19
activity#cn.hi321.android.media.ui.RadiaActivity
ADDED from AndroidManifest.xml:54:9
	android:screenOrientation
		ADDED from AndroidManifest.xml:54:74
	android:name
		ADDED from AndroidManifest.xml:54:19
activity#cn.hi321.android.media.ui.VideoPlayActiviy
ADDED from AndroidManifest.xml:55:9
	android:screenOrientation
		ADDED from AndroidManifest.xml:55:77
	android:name
		ADDED from AndroidManifest.xml:55:19
activity#cn.hi321.android.media.ui.ShowActivity
ADDED from AndroidManifest.xml:56:9
	android:screenOrientation
		ADDED from AndroidManifest.xml:56:73
	android:name
		ADDED from AndroidManifest.xml:56:19
activity#cn.hi321.android.media.ui.TVActivity
ADDED from AndroidManifest.xml:57:9
	android:screenOrientation
		ADDED from AndroidManifest.xml:57:71
	android:name
		ADDED from AndroidManifest.xml:57:19
activity#cn.hi321.android.media.local.PlayListsActivity
ADDED from AndroidManifest.xml:58:9
	android:screenOrientation
		ADDED from AndroidManifest.xml:58:81
	android:name
		ADDED from AndroidManifest.xml:58:19
activity#cn.hi321.android.media.ui.RankingListActivity
ADDED from AndroidManifest.xml:59:9
	android:screenOrientation
		ADDED from AndroidManifest.xml:59:80
	android:name
		ADDED from AndroidManifest.xml:59:19
activity#cn.hi321.android.media.player.GetPlayUriByHtmlActivity
ADDED from AndroidManifest.xml:60:10
	android:screenOrientation
		ADDED from AndroidManifest.xml:60:90
	android:name
		ADDED from AndroidManifest.xml:60:20
activity#cn.hi321.android.media.player.SystemPlayer
ADDED from AndroidManifest.xml:61:9
	android:screenOrientation
		ADDED from AndroidManifest.xml:64:13
	android:label
		ADDED from AndroidManifest.xml:66:13
	android:configChanges
		ADDED from AndroidManifest.xml:63:13
	android:theme
		ADDED from AndroidManifest.xml:65:13
	android:name
		ADDED from AndroidManifest.xml:62:13
intent-filter#android.intent.action.VIEW+android.intent.category.BROWSABLE+android.intent.category.DEFAULT+android.intent.category.LAUNCHER
ADDED from AndroidManifest.xml:68:13
action#android.intent.action.VIEW
ADDED from AndroidManifest.xml:69:17
	android:name
		ADDED from AndroidManifest.xml:69:25
category#android.intent.category.DEFAULT
ADDED from AndroidManifest.xml:72:17
	android:name
		ADDED from AndroidManifest.xml:72:27
category#android.intent.category.BROWSABLE
ADDED from AndroidManifest.xml:73:17
	android:name
		ADDED from AndroidManifest.xml:73:27
data
ADDED from AndroidManifest.xml:75:17
	android:mimeType
		ADDED from AndroidManifest.xml:76:21
	android:scheme
		ADDED from AndroidManifest.xml:77:21
intent-filter#android.intent.action.VIEW+android.intent.category.DEFAULT
ADDED from AndroidManifest.xml:103:13
intent-filter#android.intent.action.VIEW+android.intent.category.BROWSABLE+android.intent.category.DEFAULT
ADDED from AndroidManifest.xml:110:13
intent-filter#android.intent.action.SEND+android.intent.action.SENDTO+android.intent.action.VIEW+android.intent.category.DEFAULT
ADDED from AndroidManifest.xml:132:13
action#android.intent.action.SEND
ADDED from AndroidManifest.xml:134:17
	android:name
		ADDED from AndroidManifest.xml:134:25
action#android.intent.action.SENDTO
ADDED from AndroidManifest.xml:135:17
	android:name
		ADDED from AndroidManifest.xml:135:25
intent-filter#android.intent.action.SEARCH+android.intent.category.DEFAULT
ADDED from AndroidManifest.xml:242:13
action#android.intent.action.SEARCH
ADDED from AndroidManifest.xml:243:17
	android:name
		ADDED from AndroidManifest.xml:243:25
activity#cn.hi321.android.media.player.VideoPlayer
ADDED from AndroidManifest.xml:247:9
	android:screenOrientation
		ADDED from AndroidManifest.xml:250:13
	android:configChanges
		ADDED from AndroidManifest.xml:249:13
	android:theme
		ADDED from AndroidManifest.xml:251:13
	android:name
		ADDED from AndroidManifest.xml:248:13
activity#io.vov.vitamio.activity.InitActivity
ADDED from AndroidManifest.xml:253:9
MERGED from 321Media3.21:initActivity:unspecified:12:9
	android:windowSoftInputMode
		ADDED from AndroidManifest.xml:259:13
	android:screenOrientation
		ADDED from AndroidManifest.xml:257:13
	android:configChanges
		ADDED from AndroidManifest.xml:255:13
	android:theme
		ADDED from AndroidManifest.xml:258:13
	android:name
		ADDED from AndroidManifest.xml:254:13
	android:launchMode
		ADDED from AndroidManifest.xml:256:13
service#io.vov.vitamio.VitamioService
ADDED from AndroidManifest.xml:261:9
	android:exported
		ADDED from AndroidManifest.xml:263:13
	android:name
		ADDED from AndroidManifest.xml:262:13
intent-filter#io.vov.vitamio.IVitamioService
ADDED from AndroidManifest.xml:264:13
action#io.vov.vitamio.IVitamioService
ADDED from AndroidManifest.xml:265:17
	android:name
		ADDED from AndroidManifest.xml:265:25
activity#cn.waps.OffersWebView
ADDED from AndroidManifest.xml:270:9
	android:configChanges
		ADDED from AndroidManifest.xml:270:56
	android:name
		ADDED from AndroidManifest.xml:270:19
meta-data#WAPS_ID
ADDED from AndroidManifest.xml:272:3
	android:name
		ADDED from AndroidManifest.xml:272:14
	android:value
		ADDED from AndroidManifest.xml:272:37
meta-data#WAPS_PID
ADDED from AndroidManifest.xml:274:3
	android:name
		ADDED from AndroidManifest.xml:274:14
	android:value
		ADDED from AndroidManifest.xml:274:38
android:uses-permission#android.permission.READ_EXTERNAL_STORAGE
IMPLIED from AndroidManifest.xml:2:1 reason: io.vov.vitamio requested WRITE_EXTERNAL_STORAGE